<?xml version="1.0" encoding="UTF-8"?>
<!-- Generated by org.testng.reporters.JUnitReportReporter -->
<testsuite hostname="LAB10PC00U052" name="module.webAssessment" tests="3" failures="0" timestamp="27 Sep 2019 14:32:00 GMT" time="17.535" errors="0">
  <testcase name="addUser" time="9.559" classname="module.webAssessment"/>
  <testcase name="addUser" time="6.546" classname="module.webAssessment"/>
  <testcase name="validateUserTable" time="1.430" classname="module.webAssessment"/>
</testsuite> <!-- module.webAssessment -->
